<?xml version="1.0" encoding="UTF-8"?>
<robot generator="Robot 5.0 (Python 3.8.6rc1 on win32)" generated="20220408 09:23:40.038" rpa="false" schemaversion="3">
<suite id="s1" name="App" source="C:\Users\lakshmi vardhan\PycharmProjects\Robertframework\Tests\Flipcart\FunctionalTestSuite\App.robot">
<kw name="Log" library="BuiltIn" type="SETUP">
<arg>Inside test suite Setup</arg>
<doc>Logs the given message with the given level.</doc>
<msg timestamp="20220408 09:23:40.210" level="INFO">Inside test suite Setup</msg>
<status status="PASS" starttime="20220408 09:23:40.210" endtime="20220408 09:23:40.210"/>
</kw>
<test id="s1-t1" name="google search test" line="21">
<kw name="Log" library="BuiltIn" type="SETUP">
<arg>Inside test Setup</arg>
<doc>Logs the given message with the given level.</doc>
<msg timestamp="20220408 09:23:40.210" level="INFO">Inside test Setup</msg>
<status status="PASS" starttime="20220408 09:23:40.210" endtime="20220408 09:23:40.210"/>
</kw>
<kw name="Open Browser" library="SeleniumLibrary">
<arg>${google_search}</arg>
<arg>chrome</arg>
<doc>Opens a new browser instance to the optional ``url``.</doc>
<msg timestamp="20220408 09:23:40.210" level="INFO">Opening browser 'chrome' to base url 'https://www.google.com/'.</msg>
<status status="PASS" starttime="20220408 09:23:40.210" endtime="20220408 09:23:42.952"/>
</kw>
<kw name="Maximize Browser Window" library="SeleniumLibrary">
<doc>Maximizes current browser window.</doc>
<status status="PASS" starttime="20220408 09:23:42.960" endtime="20220408 09:23:43.099"/>
</kw>
<kw name="Search data">
<kw name="Input Text" library="SeleniumLibrary">
<arg>name:q</arg>
<arg>${search_query}</arg>
<doc>Types the given ``text`` into the text field identified by ``locator``.</doc>
<msg timestamp="20220408 09:23:43.099" level="INFO">Typing text 'flipkart' into text field 'name:q'.</msg>
<status status="PASS" starttime="20220408 09:23:43.099" endtime="20220408 09:23:43.227"/>
</kw>
<status status="PASS" starttime="20220408 09:23:43.099" endtime="20220408 09:23:43.227"/>
</kw>
<kw name="Submit Form" library="SeleniumLibrary">
<doc>Submits a form identified by ``locator``.</doc>
<msg timestamp="20220408 09:23:43.227" level="INFO">Submitting form 'None'.</msg>
<status status="PASS" starttime="20220408 09:23:43.227" endtime="20220408 09:23:45.451"/>
</kw>
<kw name="Click Element" library="SeleniumLibrary">
<arg>class:LC20lb</arg>
<doc>Click the element identified by ``locator``.</doc>
<msg timestamp="20220408 09:23:45.459" level="INFO">Clicking element 'class:LC20lb'.</msg>
<status status="PASS" starttime="20220408 09:23:45.451" endtime="20220408 09:23:49.041"/>
</kw>
<kw name="Log" library="BuiltIn" type="TEARDOWN">
<arg>Inside test teardown</arg>
<doc>Logs the given message with the given level.</doc>
<msg timestamp="20220408 09:23:49.041" level="INFO">Inside test teardown</msg>
<status status="PASS" starttime="20220408 09:23:49.041" endtime="20220408 09:23:49.041"/>
</kw>
<doc>Test to open google</doc>
<tag>google</tag>
<status status="PASS" starttime="20220408 09:23:40.210" endtime="20220408 09:23:49.041"/>
</test>
<test id="s1-t2" name="flipkart search test" line="30">
<kw name="Log" library="BuiltIn" type="SETUP">
<arg>Inside test Setup</arg>
<doc>Logs the given message with the given level.</doc>
<msg timestamp="20220408 09:23:49.049" level="INFO">Inside test Setup</msg>
<status status="PASS" starttime="20220408 09:23:49.049" endtime="20220408 09:23:49.049"/>
</kw>
<kw name="Sleep" library="BuiltIn">
<arg>2s</arg>
<doc>Pauses the test executed for the given time.</doc>
<msg timestamp="20220408 09:23:51.058" level="INFO">Slept 2 seconds</msg>
<status status="PASS" starttime="20220408 09:23:49.049" endtime="20220408 09:23:51.058"/>
</kw>
<kw name="Click Button" library="SeleniumLibrary">
<arg>class:_2KpZ6l</arg>
<doc>Clicks the button identified by ``locator``.</doc>
<msg timestamp="20220408 09:23:51.058" level="INFO">Clicking button 'class:_2KpZ6l'.</msg>
<status status="PASS" starttime="20220408 09:23:51.058" endtime="20220408 09:23:51.212"/>
</kw>
<kw name="Sleep" library="BuiltIn">
<arg>2s</arg>
<doc>Pauses the test executed for the given time.</doc>
<msg timestamp="20220408 09:23:53.226" level="INFO">Slept 2 seconds</msg>
<status status="PASS" starttime="20220408 09:23:51.212" endtime="20220408 09:23:53.226"/>
</kw>
<kw name="Search flip data">
<kw name="Input Text" library="SeleniumLibrary">
<arg>name:q</arg>
<arg>${search_product}</arg>
<doc>Types the given ``text`` into the text field identified by ``locator``.</doc>
<msg timestamp="20220408 09:23:53.226" level="INFO">Typing text 'Iphone' into text field 'name:q'.</msg>
<status status="PASS" starttime="20220408 09:23:53.226" endtime="20220408 09:23:53.322"/>
</kw>
<status status="PASS" starttime="20220408 09:23:53.226" endtime="20220408 09:23:53.322"/>
</kw>
<kw name="Click Button" library="SeleniumLibrary">
<arg>class:L0Z3Pu</arg>
<doc>Clicks the button identified by ``locator``.</doc>
<msg timestamp="20220408 09:23:53.322" level="INFO">Clicking button 'class:L0Z3Pu'.</msg>
<status status="PASS" starttime="20220408 09:23:53.322" endtime="20220408 09:23:53.460"/>
</kw>
<kw name="Log" library="BuiltIn" type="TEARDOWN">
<arg>Inside test teardown</arg>
<doc>Logs the given message with the given level.</doc>
<msg timestamp="20220408 09:23:53.468" level="INFO">Inside test teardown</msg>
<status status="PASS" starttime="20220408 09:23:53.460" endtime="20220408 09:23:53.468"/>
</kw>
<doc>Test for flipkart</doc>
<tag>Shopping app</tag>
<status status="PASS" starttime="20220408 09:23:49.041" endtime="20220408 09:23:53.468"/>
</test>
<test id="s1-t3" name="buying flipkart test" line="39">
<kw name="Log" library="BuiltIn" type="SETUP">
<arg>Inside test Setup</arg>
<doc>Logs the given message with the given level.</doc>
<msg timestamp="20220408 09:23:53.468" level="INFO">Inside test Setup</msg>
<status status="PASS" starttime="20220408 09:23:53.468" endtime="20220408 09:23:53.468"/>
</kw>
<kw name="Sleep" library="BuiltIn">
<arg>3s</arg>
<doc>Pauses the test executed for the given time.</doc>
<msg timestamp="20220408 09:23:56.481" level="INFO">Slept 3 seconds</msg>
<status status="PASS" starttime="20220408 09:23:53.468" endtime="20220408 09:23:56.481"/>
</kw>
<kw name="Click Element" library="SeleniumLibrary">
<arg>xpath=//html/body/div[1]/div/div[3]/div[1]/div[2]/div[4]/div/div/div/a/div[2]/div[1]/div[1]</arg>
<doc>Click the element identified by ``locator``.</doc>
<msg timestamp="20220408 09:23:56.481" level="INFO">Clicking element 'xpath=//html/body/div[1]/div/div[3]/div[1]/div[2]/div[4]/div/div/div/a/div[2]/div[1]/div[1]'.</msg>
<status status="PASS" starttime="20220408 09:23:56.481" endtime="20220408 09:23:56.600"/>
</kw>
<kw name="Sleep" library="BuiltIn">
<arg>1s</arg>
<doc>Pauses the test executed for the given time.</doc>
<msg timestamp="20220408 09:23:57.616" level="INFO">Slept 1 second</msg>
<status status="PASS" starttime="20220408 09:23:56.600" endtime="20220408 09:23:57.616"/>
</kw>
<kw name="Switch Window" library="SeleniumLibrary">
<arg>title:APPLE iPhone 13 ( 128 GB GB Storage, 0 GB RAM ) Online at Best Price On Flipkart.com</arg>
<doc>Switches to browser window matching ``locator``.</doc>
<msg timestamp="20220408 09:23:58.773" level="INFO" html="true">&lt;/td&gt;&lt;/tr&gt;&lt;tr&gt;&lt;td colspan="3"&gt;&lt;a href="selenium-screenshot-17.png"&gt;&lt;img src="selenium-screenshot-17.png" width="800px"&gt;&lt;/a&gt;</msg>
<msg timestamp="20220408 09:23:58.773" level="FAIL">Unable to locate window with title 'APPLE iPhone 13 ( 128 GB GB Storage, 0 GB RAM ) Online at Best Price On Flipkart.com'.</msg>
<status status="FAIL" starttime="20220408 09:23:57.616" endtime="20220408 09:23:58.773"/>
</kw>
<kw name="Sleep" library="BuiltIn">
<arg>2s</arg>
<doc>Pauses the test executed for the given time.</doc>
<status status="NOT RUN" starttime="20220408 09:23:58.789" endtime="20220408 09:23:58.789"/>
</kw>
<kw name="Click Element" library="SeleniumLibrary">
<arg>xpath=//html/body/div[1]/div/div[3]/div[1]/div[1]/div[2]/div/ul/li[2]/form/button</arg>
<doc>Click the element identified by ``locator``.</doc>
<status status="NOT RUN" starttime="20220408 09:23:58.789" endtime="20220408 09:23:58.789"/>
</kw>
<kw name="Sleep" library="BuiltIn">
<arg>2s</arg>
<doc>Pauses the test executed for the given time.</doc>
<status status="NOT RUN" starttime="20220408 09:23:58.789" endtime="20220408 09:23:58.789"/>
</kw>
<kw name="email address">
<status status="NOT RUN" starttime="20220408 09:23:58.789" endtime="20220408 09:23:58.789"/>
</kw>
<kw name="Sleep" library="BuiltIn">
<arg>2s</arg>
<doc>Pauses the test executed for the given time.</doc>
<status status="NOT RUN" starttime="20220408 09:23:58.789" endtime="20220408 09:23:58.789"/>
</kw>
<kw name="Click Button" library="SeleniumLibrary">
<arg>class:_2KpZ6l</arg>
<doc>Clicks the button identified by ``locator``.</doc>
<status status="NOT RUN" starttime="20220408 09:23:58.789" endtime="20220408 09:23:58.789"/>
</kw>
<kw name="Sleep" library="BuiltIn">
<arg>3s</arg>
<doc>Pauses the test executed for the given time.</doc>
<status status="NOT RUN" starttime="20220408 09:23:58.789" endtime="20220408 09:23:58.789"/>
</kw>
<kw name="mobile number">
<status status="NOT RUN" starttime="20220408 09:23:58.789" endtime="20220408 09:23:58.789"/>
</kw>
<kw name="Sleep" library="BuiltIn">
<arg>2s</arg>
<doc>Pauses the test executed for the given time.</doc>
<status status="NOT RUN" starttime="20220408 09:23:58.789" endtime="20220408 09:23:58.789"/>
</kw>
<kw name="Click Button" library="SeleniumLibrary">
<arg>class:_20xBvF</arg>
<doc>Clicks the button identified by ``locator``.</doc>
<status status="NOT RUN" starttime="20220408 09:23:58.789" endtime="20220408 09:23:58.789"/>
</kw>
<kw name="Sleep" library="BuiltIn">
<arg>2s</arg>
<doc>Pauses the test executed for the given time.</doc>
<status status="NOT RUN" starttime="20220408 09:23:58.789" endtime="20220408 09:23:58.789"/>
</kw>
<kw name="password">
<status status="NOT RUN" starttime="20220408 09:23:58.789" endtime="20220408 09:23:58.789"/>
</kw>
<kw name="Sleep" library="BuiltIn">
<arg>2s</arg>
<doc>Pauses the test executed for the given time.</doc>
<status status="NOT RUN" starttime="20220408 09:23:58.789" endtime="20220408 09:23:58.789"/>
</kw>
<kw name="Click Button" library="SeleniumLibrary">
<arg>xpath=//html/body/div[1]/div/div[2]/div/div[1]/div[1]/div/div/div/div/div[1]/div/form/div[4]/button</arg>
<doc>Clicks the button identified by ``locator``.</doc>
<status status="NOT RUN" starttime="20220408 09:23:58.789" endtime="20220408 09:23:58.789"/>
</kw>
<kw name="Sleep" library="BuiltIn">
<arg>2s</arg>
<doc>Pauses the test executed for the given time.</doc>
<status status="NOT RUN" starttime="20220408 09:23:58.789" endtime="20220408 09:23:58.789"/>
</kw>
<kw name="email id">
<status status="NOT RUN" starttime="20220408 09:23:58.789" endtime="20220408 09:23:58.789"/>
</kw>
<kw name="Sleep" library="BuiltIn">
<arg>2s</arg>
<doc>Pauses the test executed for the given time.</doc>
<status status="NOT RUN" starttime="20220408 09:23:58.789" endtime="20220408 09:23:58.789"/>
</kw>
<kw name="Click Button" library="SeleniumLibrary">
<arg>xpath=//html/body/div[1]/div/div[2]/div/div[1]/div[3]/div/div/div/div/div[5]/span[2]/button</arg>
<doc>Clicks the button identified by ``locator``.</doc>
<status status="NOT RUN" starttime="20220408 09:23:58.789" endtime="20220408 09:23:58.789"/>
</kw>
<kw name="Sleep" library="BuiltIn">
<arg>2s</arg>
<doc>Pauses the test executed for the given time.</doc>
<status status="NOT RUN" starttime="20220408 09:23:58.789" endtime="20220408 09:23:58.789"/>
</kw>
<kw name="Log" library="BuiltIn" type="TEARDOWN">
<arg>Inside test teardown</arg>
<doc>Logs the given message with the given level.</doc>
<msg timestamp="20220408 09:23:58.789" level="INFO">Inside test teardown</msg>
<status status="PASS" starttime="20220408 09:23:58.789" endtime="20220408 09:23:58.789"/>
</kw>
<status status="FAIL" starttime="20220408 09:23:53.468" endtime="20220408 09:23:58.789">Unable to locate window with title 'APPLE iPhone 13 ( 128 GB GB Storage, 0 GB RAM ) Online at Best Price On Flipkart.com'.</status>
</test>
<kw name="Log" library="BuiltIn" type="TEARDOWN">
<arg>Inside test suite Teardown</arg>
<doc>Logs the given message with the given level.</doc>
<msg timestamp="20220408 09:23:58.789" level="INFO">Inside test suite Teardown</msg>
<status status="PASS" starttime="20220408 09:23:58.789" endtime="20220408 09:23:58.789"/>
</kw>
<status status="FAIL" starttime="20220408 09:23:40.038" endtime="20220408 09:23:58.789"/>
</suite>
<statistics>
<total>
<stat pass="2" fail="1" skip="0">All Tests</stat>
</total>
<tag>
<stat pass="1" fail="0" skip="0">google</stat>
<stat pass="1" fail="0" skip="0">Shopping app</stat>
</tag>
<suite>
<stat pass="2" fail="1" skip="0" id="s1" name="App">App</stat>
</suite>
</statistics>
<errors>
</errors>
</robot>
