<?xml version="1.0" encoding="UTF-8"?>
<robot generator="Robot 5.0 (Python 3.8.6rc1 on win32)" generated="20220407 09:36:19.235" rpa="false" schemaversion="3">
<suite id="s1" name="Login" source="C:\Users\lakshmi vardhan\PycharmProjects\Robertframework\Tests\Facebook\FunctionalTestSuite\Login.robot">
<test id="s1-t1" name="Login Screen Test" line="7">
<kw name="Log" library="BuiltIn">
<arg>Hello</arg>
<doc>Logs the given message with the given level.</doc>
<msg timestamp="20220407 09:36:19.510" level="INFO">Hello</msg>
<status status="PASS" starttime="20220407 09:36:19.510" endtime="20220407 09:36:19.510"/>
</kw>
<doc>this is a hello</doc>
<tag>users</tag>
<status status="PASS" starttime="20220407 09:36:19.509" endtime="20220407 09:36:19.511"/>
</test>
<test id="s1-t2" name="Registration Screen Test" line="13">
<kw name="Log" library="BuiltIn">
<arg>world</arg>
<doc>Logs the given message with the given level.</doc>
<msg timestamp="20220407 09:36:19.514" level="INFO">world</msg>
<status status="PASS" starttime="20220407 09:36:19.514" endtime="20220407 09:36:19.514"/>
</kw>
<doc>this is registration</doc>
<tag>users</tag>
<status status="PASS" starttime="20220407 09:36:19.513" endtime="20220407 09:36:19.515"/>
</test>
<test id="s1-t3" name="Admin Login Test" line="18">
<kw name="Log" library="BuiltIn">
<arg>admin</arg>
<doc>Logs the given message with the given level.</doc>
<msg timestamp="20220407 09:36:19.517" level="INFO">admin</msg>
<status status="PASS" starttime="20220407 09:36:19.517" endtime="20220407 09:36:19.517"/>
</kw>
<doc>this is for admins</doc>
<tag>admin</tag>
<status status="PASS" starttime="20220407 09:36:19.516" endtime="20220407 09:36:19.518"/>
</test>
<status status="PASS" starttime="20220407 09:36:19.237" endtime="20220407 09:36:19.519"/>
</suite>
<statistics>
<total>
<stat pass="3" fail="0" skip="0">All Tests</stat>
</total>
<tag>
<stat pass="1" fail="0" skip="0">admin</stat>
<stat pass="2" fail="0" skip="0">users</stat>
</tag>
<suite>
<stat pass="3" fail="0" skip="0" id="s1" name="Login">Login</stat>
</suite>
</statistics>
<errors>
</errors>
</robot>
